{"numFailedTestSuites":0,"numFailedTests":0,"numPassedTestSuites":1,"numPassedTests":5,"numPendingTestSuites":0,"numPendingTests":0,"numRuntimeErrorTestSuites":0,"numTodoTests":0,"numTotalTestSuites":1,"numTotalTests":5,"openHandles":[],"snapshot":{"added":0,"didUpdate":false,"failure":false,"filesAdded":0,"filesRemoved":0,"filesRemovedList":[],"filesUnmatched":0,"filesUpdated":0,"matched":0,"total":0,"unchecked":0,"uncheckedKeysByFile":[],"unmatched":0,"updated":0},"startTime":1766380787788,"success":true,"testResults":[{"assertionResults":[{"ancestorTitles":["App.js"],"failureMessages":[],"fullName":"App.js TestAppコンポーネントが描画される","location":null,"status":"passed","title":"TestAppコンポーネントが描画される"},{"ancestorTitles":["index.js"],"failureMessages":[],"fullName":"index.js AppコンポーネントがStrictModeでラップされている","location":null,"status":"passed","title":"AppコンポーネントがStrictModeでラップされている"},{"ancestorTitles":["TestApp"],"failureMessages":[],"fullName":"TestApp 初期表示でバージョン情報が表示される","location":null,"status":"passed","title":"初期表示でバージョン情報が表示される"},{"ancestorTitles":["TestApp"],"failureMessages":[],"fullName":"TestApp タスク追加・未入力バリデーション","location":null,"status":"passed","title":"タスク追加・未入力バリデーション"},{"ancestorTitles":["TestApp"],"failureMessages":[],"fullName":"TestApp タスク追加・完了・削除・フィルタ","location":null,"status":"passed","title":"タスク追加・完了・削除・フィルタ"}],"endTime":1766380793034,"message":"","name":"C:\\Users\\hirayama\\Documents\\作業資料\\GitHubCopilotセミナー\\20_ソースコード\\計測3回目\\todo-app-main\\src\\testcase.test.js","startTime":1766380789908,"status":"passed","summary":""}],"wasInterrupted":false}